[2024-04-22T14:53:16.196+0900] {taskinstance.py:1103} INFO - Dependencies all met for dep_context=non-requeueable deps ti=<TaskInstance: usd_krw_prediction_v1.make_features manual__2024-04-22T03:11:01.222586+00:00 [queued]>
[2024-04-22T14:53:16.201+0900] {taskinstance.py:1103} INFO - Dependencies all met for dep_context=requeueable deps ti=<TaskInstance: usd_krw_prediction_v1.make_features manual__2024-04-22T03:11:01.222586+00:00 [queued]>
[2024-04-22T14:53:16.201+0900] {taskinstance.py:1308} INFO - Starting attempt 4 of 4
[2024-04-22T14:53:16.210+0900] {taskinstance.py:1327} INFO - Executing <Task(BashOperator): make_features> on 2024-04-22 03:11:01.222586+00:00
[2024-04-22T14:53:16.215+0900] {standard_task_runner.py:57} INFO - Started process 12406 to run task
[2024-04-22T14:53:16.221+0900] {standard_task_runner.py:84} INFO - Running: ['airflow', 'tasks', 'run', 'usd_krw_prediction_v1', 'make_features', 'manual__2024-04-22T03:11:01.222586+00:00', '--job-id', '16', '--raw', '--subdir', 'DAGS_FOLDER/dag.py', '--cfg-path', '/var/folders/m6/3b3l583d1z9f5sjd_k30vc7h0000gp/T/tmp47zdl_1c']
[2024-04-22T14:53:16.224+0900] {standard_task_runner.py:85} INFO - Job 16: Subtask make_features
[2024-04-22T14:53:16.373+0900] {task_command.py:410} INFO - Running <TaskInstance: usd_krw_prediction_v1.make_features manual__2024-04-22T03:11:01.222586+00:00 [running]> on host lm-045768-00.local
[2024-04-22T14:53:16.425+0900] {taskinstance.py:1545} INFO - Exporting env vars: AIRFLOW_CTX_DAG_OWNER='airflow' AIRFLOW_CTX_DAG_ID='usd_krw_prediction_v1' AIRFLOW_CTX_TASK_ID='make_features' AIRFLOW_CTX_EXECUTION_DATE='2024-04-22T03:11:01.222586+00:00' AIRFLOW_CTX_TRY_NUMBER='4' AIRFLOW_CTX_DAG_RUN_ID='manual__2024-04-22T03:11:01.222586+00:00'
[2024-04-22T14:53:16.426+0900] {subprocess.py:63} INFO - Tmp dir root location: /var/folders/m6/3b3l583d1z9f5sjd_k30vc7h0000gp/T
[2024-04-22T14:53:16.428+0900] {subprocess.py:75} INFO - Running command: ['/bin/bash', '-c', '/Users/boycho/Project/exchange/bat/make_features.sh ']
[2024-04-22T14:53:16.435+0900] {subprocess.py:86} INFO - Output:
[2024-04-22T14:53:16.485+0900] {subprocess.py:93} INFO - python /Users/boycho/Project/exchange/bat/../exchange/make_features.py --dt 2024-04-22 --naver_keyword_csv /Users/boycho/Project/exchange/bat/../data/naver_keyword_data.csv --kr_oil_hist_csv /Users/boycho/Project/exchange/bat/../data/kr_oil_historical_data.csv --us_10y_hist_csv /Users/boycho/Project/exchange/bat/../data/us_10year_bond_yield_historical_data.csv --us_1y_hist_csv /Users/boycho/Project/exchange/bat/../data/us_1year_bond_yield_historical_data.csv --us_bb_hist_csv /Users/boycho/Project/exchange/bat/../data/us_bb_high_yield_historical_data.csv --train_csv /Users/boycho/Project/exchange/bat/../data/train.csv --log_dir /Users/boycho/Project/exchange/bat/../log
[2024-04-22T14:53:19.252+0900] {subprocess.py:93} INFO - Traceback (most recent call last):
[2024-04-22T14:53:19.254+0900] {subprocess.py:93} INFO -   File "/Users/boycho/Project/exchange/bat/../exchange/make_features.py", line 4, in <module>
[2024-04-22T14:53:19.254+0900] {subprocess.py:93} INFO -     from common.preprocessing import C_PREPROCESSING
[2024-04-22T14:53:19.255+0900] {subprocess.py:93} INFO -   File "/Users/boycho/Project/exchange/exchange/common/preprocessing.py", line 3, in <module>
[2024-04-22T14:53:19.256+0900] {subprocess.py:93} INFO -     from msg_alerts import SlackAlert
[2024-04-22T14:53:19.256+0900] {subprocess.py:93} INFO - ModuleNotFoundError: No module named 'msg_alerts'
[2024-04-22T14:53:19.362+0900] {subprocess.py:93} INFO - [ERROR] 2. make_features
[2024-04-22T14:53:19.363+0900] {subprocess.py:97} INFO - Command exited with return code 1
[2024-04-22T14:53:19.372+0900] {taskinstance.py:1824} ERROR - Task failed with exception
Traceback (most recent call last):
  File "/Users/boycho/anaconda3/lib/python3.10/site-packages/airflow/operators/bash.py", line 210, in execute
    raise AirflowException(
airflow.exceptions.AirflowException: Bash command failed. The command returned a non-zero exit code 1.
[2024-04-22T14:53:19.377+0900] {taskinstance.py:1345} INFO - Marking task as FAILED. dag_id=usd_krw_prediction_v1, task_id=make_features, execution_date=20240422T031101, start_date=20240422T055316, end_date=20240422T055319
[2024-04-22T14:53:19.387+0900] {standard_task_runner.py:104} ERROR - Failed to execute job 16 for task make_features (Bash command failed. The command returned a non-zero exit code 1.; 12406)
[2024-04-22T14:53:19.420+0900] {local_task_job_runner.py:225} INFO - Task exited with return code 1
[2024-04-22T14:53:19.504+0900] {taskinstance.py:2653} INFO - 0 downstream tasks scheduled from follow-on schedule check
